2004.11.03 16:39 B C:\T28\t28display3.0\help-web\2dc_display.doc --> puddle.ias.sdsmt.edu /pub/DonnaK/T28/t28display3.0/help-web 2dc_display.doc
2004.11.03 16:39 B C:\T28\t28display3.0\help-web\2dc_display.html --> puddle.ias.sdsmt.edu /pub/DonnaK/T28/t28display3.0/help-web 2dc_display.html
2004.11.03 16:39 B C:\T28\t28display3.0\help-web\2dcbuff_disp1.gif --> puddle.ias.sdsmt.edu /pub/DonnaK/T28/t28display3.0/help-web 2dcbuff_disp1.gif
2004.11.03 16:39 B C:\T28\t28display3.0\help-web\2dcbuff_fssp1.gif --> puddle.ias.sdsmt.edu /pub/DonnaK/T28/t28display3.0/help-web 2dcbuff_fssp1.gif
2004.11.03 16:39 B C:\T28\t28display3.0\help-web\2dchap4.htm --> puddle.ias.sdsmt.edu /pub/DonnaK/T28/t28display3.0/help-web 2dchap4.htm
2004.11.03 16:39 B C:\T28\t28display3.0\help-web\alltags1.gif --> puddle.ias.sdsmt.edu /pub/DonnaK/T28/t28display3.0/help-web alltags1.gif
2004.11.03 16:39 B C:\T28\t28display3.0\help-web\buff_processing1.gif --> puddle.ias.sdsmt.edu /pub/DonnaK/T28/t28display3.0/help-web buff_processing1.gif
2004.11.03 16:39 B C:\T28\t28display3.0\help-web\buff_times1.gif --> puddle.ias.sdsmt.edu /pub/DonnaK/T28/t28display3.0/help-web buff_times1.gif
2004.11.03 16:39 B C:\T28\t28display3.0\help-web\buff_times21.gif --> puddle.ias.sdsmt.edu /pub/DonnaK/T28/t28display3.0/help-web buff_times21.gif
2004.11.03 16:39 B C:\T28\t28display3.0\help-web\buff_times31.gif --> puddle.ias.sdsmt.edu /pub/DonnaK/T28/t28display3.0/help-web buff_times31.gif
2004.11.03 16:39 B C:\T28\t28display3.0\help-web\buff_times4.gif --> puddle.ias.sdsmt.edu /pub/DonnaK/T28/t28display3.0/help-web buff_times4.gif
2004.11.03 16:39 B C:\T28\t28display3.0\help-web\buffer_image.jpg --> puddle.ias.sdsmt.edu /pub/DonnaK/T28/t28display3.0/help-web buffer_image.jpg
2004.11.03 16:39 B C:\T28\t28display3.0\help-web\disp_hail.gif --> puddle.ias.sdsmt.edu /pub/DonnaK/T28/t28display3.0/help-web disp_hail.gif
2004.11.03 16:39 B C:\T28\t28display3.0\help-web\extracted_data.gif --> puddle.ias.sdsmt.edu /pub/DonnaK/T28/t28display3.0/help-web extracted_data.gif
2004.11.03 16:39 B C:\T28\t28display3.0\help-web\extracted_particles.gif --> puddle.ias.sdsmt.edu /pub/DonnaK/T28/t28display3.0/help-web extracted_particles.gif
2004.11.03 16:39 B C:\T28\t28display3.0\help-web\extracted_particles1.gif --> puddle.ias.sdsmt.edu /pub/DonnaK/T28/t28display3.0/help-web extracted_particles1.gif
2004.11.03 16:39 B C:\T28\t28display3.0\help-web\find_part.gif --> puddle.ias.sdsmt.edu /pub/DonnaK/T28/t28display3.0/help-web find_part.gif
2004.11.03 16:39 B C:\T28\t28display3.0\help-web\flight_number.gif --> puddle.ias.sdsmt.edu /pub/DonnaK/T28/t28display3.0/help-web flight_number.gif
2004.11.03 16:39 B C:\T28\t28display3.0\help-web\ftp_chuck.gif --> puddle.ias.sdsmt.edu /pub/DonnaK/T28/t28display3.0/help-web ftp_chuck.gif
2004.11.03 16:39 B C:\T28\t28display3.0\help-web\graphs_2.gif --> puddle.ias.sdsmt.edu /pub/DonnaK/T28/t28display3.0/help-web graphs_2.gif
2004.11.03 16:39 B C:\T28\t28display3.0\help-web\hail_display.doc --> puddle.ias.sdsmt.edu /pub/DonnaK/T28/t28display3.0/help-web hail_display.doc
2004.11.03 16:39 B C:\T28\t28display3.0\help-web\hail_display.html --> puddle.ias.sdsmt.edu /pub/DonnaK/T28/t28display3.0/help-web hail_display.html
2004.11.03 16:39 B C:\T28\t28display3.0\help-web\Help_t28display.doc --> puddle.ias.sdsmt.edu /pub/DonnaK/T28/t28display3.0/help-web Help_t28display.doc
2004.11.03 16:39 B C:\T28\t28display3.0\help-web\Help_t28display.html --> puddle.ias.sdsmt.edu /pub/DonnaK/T28/t28display3.0/help-web Help_t28display.html
2004.11.03 16:39 B C:\T28\t28display3.0\help-web\hvps_display.doc --> puddle.ias.sdsmt.edu /pub/DonnaK/T28/t28display3.0/help-web hvps_display.doc
2004.11.03 16:39 B C:\T28\t28display3.0\help-web\hvps_display.html --> puddle.ias.sdsmt.edu /pub/DonnaK/T28/t28display3.0/help-web hvps_display.html
2004.11.03 16:39 B C:\T28\t28display3.0\help-web\hvpsbuff_charge.gif --> puddle.ias.sdsmt.edu /pub/DonnaK/T28/t28display3.0/help-web hvpsbuff_charge.gif
2004.11.03 16:39 B C:\T28\t28display3.0\help-web\hvpsbuff_disp.gif --> puddle.ias.sdsmt.edu /pub/DonnaK/T28/t28display3.0/help-web hvpsbuff_disp.gif
2004.11.03 16:39 B C:\T28\t28display3.0\help-web\hvpsbuff_fssp.gif --> puddle.ias.sdsmt.edu /pub/DonnaK/T28/t28display3.0/help-web hvpsbuff_fssp.gif
2004.11.03 16:39 B C:\T28\t28display3.0\help-web\hvpsbuff_reduced.gif --> puddle.ias.sdsmt.edu /pub/DonnaK/T28/t28display3.0/help-web hvpsbuff_reduced.gif
2004.11.03 16:39 B C:\T28\t28display3.0\help-web\newSummary.gif --> puddle.ias.sdsmt.edu /pub/DonnaK/T28/t28display3.0/help-web newSummary.gif
2004.11.03 16:39 B C:\T28\t28display3.0\help-web\num_cols.gif --> puddle.ias.sdsmt.edu /pub/DonnaK/T28/t28display3.0/help-web num_cols.gif
2004.11.03 16:39 B C:\T28\t28display3.0\help-web\num_graphs.gif --> puddle.ias.sdsmt.edu /pub/DonnaK/T28/t28display3.0/help-web num_graphs.gif
2004.11.03 16:39 B C:\T28\t28display3.0\help-web\overwrite.gif --> puddle.ias.sdsmt.edu /pub/DonnaK/T28/t28display3.0/help-web overwrite.gif
2004.11.03 16:39 B C:\T28\t28display3.0\help-web\please_select.jpg --> puddle.ias.sdsmt.edu /pub/DonnaK/T28/t28display3.0/help-web please_select.jpg
2004.11.03 16:39 B C:\T28\t28display3.0\help-web\probe_type.gif --> puddle.ias.sdsmt.edu /pub/DonnaK/T28/t28display3.0/help-web probe_type.gif
2004.11.03 16:39 B C:\T28\t28display3.0\help-web\ps.gif --> puddle.ias.sdsmt.edu /pub/DonnaK/T28/t28display3.0/help-web ps.gif
2004.11.03 16:39 B C:\T28\t28display3.0\help-web\ps_2.gif --> puddle.ias.sdsmt.edu /pub/DonnaK/T28/t28display3.0/help-web ps_2.gif
2004.11.03 16:39 B C:\T28\t28display3.0\help-web\sample_plot.gif --> puddle.ias.sdsmt.edu /pub/DonnaK/T28/t28display3.0/help-web sample_plot.gif
2004.11.03 16:39 B C:\T28\t28display3.0\help-web\scalled_buff.gif --> puddle.ias.sdsmt.edu /pub/DonnaK/T28/t28display3.0/help-web scalled_buff.gif
2004.11.03 16:39 B C:\T28\t28display3.0\help-web\scater_plot1.gif --> puddle.ias.sdsmt.edu /pub/DonnaK/T28/t28display3.0/help-web scater_plot1.gif
2004.11.03 16:39 B C:\T28\t28display3.0\help-web\scater_plot2.gif --> puddle.ias.sdsmt.edu /pub/DonnaK/T28/t28display3.0/help-web scater_plot2.gif
2004.11.03 16:39 B C:\T28\t28display3.0\help-web\scater_plot3.gif --> puddle.ias.sdsmt.edu /pub/DonnaK/T28/t28display3.0/help-web scater_plot3.gif
2004.11.03 16:39 B C:\T28\t28display3.0\help-web\scater_plot4.gif --> puddle.ias.sdsmt.edu /pub/DonnaK/T28/t28display3.0/help-web scater_plot4.gif
2004.11.03 16:39 B C:\T28\t28display3.0\help-web\scater_plot5.gif --> puddle.ias.sdsmt.edu /pub/DonnaK/T28/t28display3.0/help-web scater_plot5.gif
2004.11.03 16:39 B C:\T28\t28display3.0\help-web\scater_plot6.gif --> puddle.ias.sdsmt.edu /pub/DonnaK/T28/t28display3.0/help-web scater_plot6.gif
2004.11.03 16:39 B C:\T28\t28display3.0\help-web\sea_summary.gif --> puddle.ias.sdsmt.edu /pub/DonnaK/T28/t28display3.0/help-web sea_summary.gif
2004.11.03 16:39 B C:\T28\t28display3.0\help-web\select_file.gif --> puddle.ias.sdsmt.edu /pub/DonnaK/T28/t28display3.0/help-web select_file.gif
2004.11.03 16:39 B C:\T28\t28display3.0\help-web\select_plot.jpg --> puddle.ias.sdsmt.edu /pub/DonnaK/T28/t28display3.0/help-web select_plot.jpg
2004.11.03 16:39 B C:\T28\t28display3.0\help-web\select_plot1.gif --> puddle.ias.sdsmt.edu /pub/DonnaK/T28/t28display3.0/help-web select_plot1.gif
2004.11.03 16:39 B C:\T28\t28display3.0\help-web\select_plot2.gif --> puddle.ias.sdsmt.edu /pub/DonnaK/T28/t28display3.0/help-web select_plot2.gif
2004.11.03 16:39 B C:\T28\t28display3.0\help-web\select_processing.gif --> puddle.ias.sdsmt.edu /pub/DonnaK/T28/t28display3.0/help-web select_processing.gif
2004.11.03 16:39 B C:\T28\t28display3.0\help-web\size.gif --> puddle.ias.sdsmt.edu /pub/DonnaK/T28/t28display3.0/help-web size.gif
2004.11.03 16:39 B C:\T28\t28display3.0\help-web\size.jpg --> puddle.ias.sdsmt.edu /pub/DonnaK/T28/t28display3.0/help-web size.jpg
2004.11.03 16:39 B C:\T28\t28display3.0\help-web\slow_display.doc --> puddle.ias.sdsmt.edu /pub/DonnaK/T28/t28display3.0/help-web slow_display.doc
2004.11.03 16:39 B C:\T28\t28display3.0\help-web\slow_display.html --> puddle.ias.sdsmt.edu /pub/DonnaK/T28/t28display3.0/help-web slow_display.html
2004.11.03 16:39 B C:\T28\t28display3.0\help-web\statistic.gif --> puddle.ias.sdsmt.edu /pub/DonnaK/T28/t28display3.0/help-web statistic.gif
2004.11.03 16:39 B C:\T28\t28display3.0\help-web\statistics_display.doc --> puddle.ias.sdsmt.edu /pub/DonnaK/T28/t28display3.0/help-web statistics_display.doc
2004.11.03 16:39 B C:\T28\t28display3.0\help-web\statistics_display.html --> puddle.ias.sdsmt.edu /pub/DonnaK/T28/t28display3.0/help-web statistics_display.html
2004.11.03 16:39 B C:\T28\t28display3.0\help-web\statistics_display2.doc --> puddle.ias.sdsmt.edu /pub/DonnaK/T28/t28display3.0/help-web statistics_display2.doc
2004.11.03 16:39 B C:\T28\t28display3.0\help-web\statistics_displayold.doc --> puddle.ias.sdsmt.edu /pub/DonnaK/T28/t28display3.0/help-web statistics_displayold.doc
2004.11.03 16:39 B C:\T28\t28display3.0\help-web\t28data_analysis.gif --> puddle.ias.sdsmt.edu /pub/DonnaK/T28/t28display3.0/help-web t28data_analysis.gif
2004.11.03 16:39 B C:\T28\t28display3.0\help-web\t28display2.gif --> puddle.ias.sdsmt.edu /pub/DonnaK/T28/t28display3.0/help-web t28display2.gif
2004.11.03 16:39 B C:\T28\t28display3.0\help-web\tac_filter.jpg --> puddle.ias.sdsmt.edu /pub/DonnaK/T28/t28display3.0/help-web tac_filter.jpg
2004.11.03 16:39 B C:\T28\t28display3.0\help-web\tac_filtering.gif --> puddle.ias.sdsmt.edu /pub/DonnaK/T28/t28display3.0/help-web tac_filtering.gif
2004.11.03 16:39 B C:\T28\t28display3.0\help-web\tags.gif --> puddle.ias.sdsmt.edu /pub/DonnaK/T28/t28display3.0/help-web tags.gif
2004.11.03 16:39 B C:\T28\t28display3.0\help-web\xpr_not_exist.jpg --> puddle.ias.sdsmt.edu /pub/DonnaK/T28/t28display3.0/help-web xpr_not_exist.jpg
